{"total": {"lines":{"total":397,"covered":384,"skipped":0,"pct":96.73},"statements":{"total":400,"covered":387,"skipped":0,"pct":96.75},"functions":{"total":100,"covered":96,"skipped":0,"pct":96},"branches":{"total":55,"covered":38,"skipped":0,"pct":69.09}}
,"index.route.js": {"lines":{"total":10,"covered":10,"skipped":0,"pct":100},"functions":{"total":1,"covered":1,"skipped":0,"pct":100},"statements":{"total":11,"covered":11,"skipped":0,"pct":100},"branches":{"total":0,"covered":0,"skipped":0,"pct":100}}
,"config/config.js": {"lines":{"total":8,"covered":7,"skipped":0,"pct":87.5},"functions":{"total":0,"covered":0,"skipped":0,"pct":100},"statements":{"total":8,"covered":7,"skipped":0,"pct":87.5},"branches":{"total":4,"covered":2,"skipped":0,"pct":50}}
,"config/express.js": {"lines":{"total":44,"covered":41,"skipped":0,"pct":93.18},"functions":{"total":4,"covered":4,"skipped":0,"pct":100},"statements":{"total":45,"covered":42,"skipped":0,"pct":93.33},"branches":{"total":12,"covered":9,"skipped":0,"pct":75}}
,"config/param-validation.js": {"lines":{"total":2,"covered":2,"skipped":0,"pct":100},"functions":{"total":0,"covered":0,"skipped":0,"pct":100},"statements":{"total":2,"covered":2,"skipped":0,"pct":100},"branches":{"total":0,"covered":0,"skipped":0,"pct":100}}
,"server/auth/auth.controller.js": {"lines":{"total":12,"covered":12,"skipped":0,"pct":100},"functions":{"total":2,"covered":2,"skipped":0,"pct":100},"statements":{"total":12,"covered":12,"skipped":0,"pct":100},"branches":{"total":4,"covered":4,"skipped":0,"pct":100}}
,"server/auth/auth.route.js": {"lines":{"total":10,"covered":10,"skipped":0,"pct":100},"functions":{"total":0,"covered":0,"skipped":0,"pct":100},"statements":{"total":10,"covered":10,"skipped":0,"pct":100},"branches":{"total":0,"covered":0,"skipped":0,"pct":100}}
,"server/auth/auth.test.js": {"lines":{"total":37,"covered":37,"skipped":0,"pct":100},"functions":{"total":14,"covered":14,"skipped":0,"pct":100},"statements":{"total":37,"covered":37,"skipped":0,"pct":100},"branches":{"total":0,"covered":0,"skipped":0,"pct":100}}
,"server/helpers/APIError.js": {"lines":{"total":10,"covered":10,"skipped":0,"pct":100},"functions":{"total":2,"covered":2,"skipped":0,"pct":100},"statements":{"total":10,"covered":10,"skipped":0,"pct":100},"branches":{"total":2,"covered":2,"skipped":0,"pct":100}}
,"server/post/post.controller.js": {"lines":{"total":56,"covered":51,"skipped":0,"pct":91.07},"functions":{"total":15,"covered":15,"skipped":0,"pct":100},"statements":{"total":57,"covered":52,"skipped":0,"pct":91.23},"branches":{"total":26,"covered":17,"skipped":0,"pct":65.38}}
,"server/post/post.model.js": {"lines":{"total":4,"covered":4,"skipped":0,"pct":100},"functions":{"total":0,"covered":0,"skipped":0,"pct":100},"statements":{"total":4,"covered":4,"skipped":0,"pct":100},"branches":{"total":0,"covered":0,"skipped":0,"pct":100}}
,"server/post/post.route.js": {"lines":{"total":10,"covered":10,"skipped":0,"pct":100},"functions":{"total":0,"covered":0,"skipped":0,"pct":100},"statements":{"total":10,"covered":10,"skipped":0,"pct":100},"branches":{"total":0,"covered":0,"skipped":0,"pct":100}}
,"server/post/post.test.js": {"lines":{"total":87,"covered":87,"skipped":0,"pct":100},"functions":{"total":24,"covered":24,"skipped":0,"pct":100},"statements":{"total":87,"covered":87,"skipped":0,"pct":100},"branches":{"total":0,"covered":0,"skipped":0,"pct":100}}
,"server/tag/tag.model.js": {"lines":{"total":6,"covered":6,"skipped":0,"pct":100},"functions":{"total":0,"covered":0,"skipped":0,"pct":100},"statements":{"total":6,"covered":6,"skipped":0,"pct":100},"branches":{"total":0,"covered":0,"skipped":0,"pct":100}}
,"server/user/user.controller.js": {"lines":{"total":25,"covered":21,"skipped":0,"pct":84},"functions":{"total":16,"covered":12,"skipped":0,"pct":75},"statements":{"total":25,"covered":21,"skipped":0,"pct":84},"branches":{"total":2,"covered":2,"skipped":0,"pct":100}}
,"server/user/user.model.js": {"lines":{"total":14,"covered":14,"skipped":0,"pct":100},"functions":{"total":1,"covered":1,"skipped":0,"pct":100},"statements":{"total":14,"covered":14,"skipped":0,"pct":100},"branches":{"total":5,"covered":2,"skipped":0,"pct":40}}
,"server/user/user.route.js": {"lines":{"total":9,"covered":9,"skipped":0,"pct":100},"functions":{"total":0,"covered":0,"skipped":0,"pct":100},"statements":{"total":9,"covered":9,"skipped":0,"pct":100},"branches":{"total":0,"covered":0,"skipped":0,"pct":100}}
,"server/user/user.test.js": {"lines":{"total":53,"covered":53,"skipped":0,"pct":100},"functions":{"total":21,"covered":21,"skipped":0,"pct":100},"statements":{"total":53,"covered":53,"skipped":0,"pct":100},"branches":{"total":0,"covered":0,"skipped":0,"pct":100}}
}
